<?xml version="1.0" encoding="UTF-8"?>
<coverage generated="1778742897790" clover="3.2.0">
  <project timestamp="1778742897790" name="All files">
    <metrics statements="11" coveredstatements="9" conditionals="4" coveredconditionals="3" methods="2" coveredmethods="1" elements="17" coveredelements="13" complexity="0" loc="11" ncloc="11" packages="1" files="1" classes="1"/>
    <file name="index.js" path="D:\Repos\devops-assignment\app\src\index.js">
      <metrics statements="11" coveredstatements="9" conditionals="4" coveredconditionals="3" methods="2" coveredmethods="1"/>
      <line num="1" count="1" type="stmt"/>
      <line num="2" count="1" type="stmt"/>
      <line num="4" count="1" type="stmt"/>
      <line num="5" count="1" type="cond" truecount="2" falsecount="0"/>
      <line num="7" count="1" type="stmt"/>
      <line num="9" count="1" type="stmt"/>
      <line num="10" count="1" type="stmt"/>
      <line num="13" count="1" type="cond" truecount="1" falsecount="1"/>
      <line num="14" count="0" type="stmt"/>
      <line num="15" count="0" type="stmt"/>
      <line num="19" count="1" type="stmt"/>
    </file>
  </project>
</coverage>
